[0m16:15:39.307376 [debug] [MainThread]: Sending event: {'category': 'dbt', 'action': 'invocation', 'label': 'start', 'context': [<snowplow_tracker.self_describing_json.SelfDescribingJson object at 0x7fa2e91e71c0>, <snowplow_tracker.self_describing_json.SelfDescribingJson object at 0x7fa2e99cadc0>, <snowplow_tracker.self_describing_json.SelfDescribingJson object at 0x7fa2c8c375e0>]}


============================== 16:15:39.311706 | aed64259-3d80-466a-86e0-97eb5173dcbc ==============================
[0m16:15:39.311706 [info ] [MainThread]: Running with dbt=1.8.2
[0m16:15:39.312251 [debug] [MainThread]: running dbt with arguments {'printer_width': '80', 'indirect_selection': 'eager', 'write_json': 'True', 'log_cache_events': 'False', 'partial_parse': 'True', 'cache_selected_only': 'False', 'warn_error': 'None', 'version_check': 'True', 'profiles_dir': '/Users/yuliiabarvinko/.dbt', 'log_path': 'logs', 'debug': 'False', 'fail_fast': 'False', 'use_colors': 'True', 'use_experimental_parser': 'False', 'no_print': 'None', 'quiet': 'False', 'warn_error_options': 'WarnErrorOptions(include=[], exclude=[])', 'invocation_command': 'dbt init ecommerce_dbt', 'log_format': 'default', 'introspect': 'True', 'target_path': 'None', 'static_parser': 'True', 'send_anonymous_usage_stats': 'True'}
[0m16:15:39.325242 [debug] [MainThread]: Starter project path: /Users/yuliiabarvinko/PycharmProject/ecommerce_dbt/venv/lib/python3.8/site-packages/dbt/include/starter_project
[0m16:15:39.329585 [info ] [MainThread]: 
Your new dbt project "ecommerce_dbt" was created!

For more information on how to configure the profiles.yml file,
please consult the dbt documentation here:

  https://docs.getdbt.com/docs/configure-your-profile

One more thing:

Need help? Don't hesitate to reach out to us via GitHub issues or on Slack:

  https://community.getdbt.com/

Happy modeling!

[0m16:15:39.329980 [info ] [MainThread]: Setting up your profile.
[0m16:18:21.530453 [info ] [MainThread]: Profile ecommerce_dbt written to /Users/yuliiabarvinko/.dbt/profiles.yml using target's profile_template.yml and your supplied values. Run 'dbt debug' to validate the connection.
[0m16:18:21.570790 [debug] [MainThread]: Resource report: {"command_name": "init", "command_success": true, "command_wall_clock_time": 162.34494, "process_user_time": 1.190046, "process_kernel_time": 0.19488, "process_mem_max_rss": "98955264", "process_in_blocks": "0", "process_out_blocks": "0"}
[0m16:18:21.572859 [debug] [MainThread]: Command `dbt init` succeeded at 16:18:21.572378 after 162.35 seconds
[0m16:18:21.574240 [debug] [MainThread]: Sending event: {'category': 'dbt', 'action': 'invocation', 'label': 'end', 'context': [<snowplow_tracker.self_describing_json.SelfDescribingJson object at 0x7fa2e91e71c0>, <snowplow_tracker.self_describing_json.SelfDescribingJson object at 0x7fa2c8c37190>, <snowplow_tracker.self_describing_json.SelfDescribingJson object at 0x7fa2e9a5b0a0>]}
[0m16:18:21.575354 [debug] [MainThread]: Flushing usage events
[0m16:18:34.395231 [debug] [MainThread]: Sending event: {'category': 'dbt', 'action': 'invocation', 'label': 'start', 'context': [<snowplow_tracker.self_describing_json.SelfDescribingJson object at 0x7feb886df1c0>, <snowplow_tracker.self_describing_json.SelfDescribingJson object at 0x7feb783b5310>, <snowplow_tracker.self_describing_json.SelfDescribingJson object at 0x7feb8a529640>]}


============================== 16:18:34.400208 | d04c44a3-8110-4079-9f6d-b7db96aa3554 ==============================
[0m16:18:34.400208 [info ] [MainThread]: Running with dbt=1.8.2
[0m16:18:34.400783 [debug] [MainThread]: running dbt with arguments {'printer_width': '80', 'indirect_selection': 'eager', 'log_cache_events': 'False', 'write_json': 'True', 'partial_parse': 'True', 'cache_selected_only': 'False', 'profiles_dir': '/Users/yuliiabarvinko/.dbt', 'version_check': 'True', 'fail_fast': 'False', 'log_path': 'logs', 'debug': 'False', 'warn_error': 'None', 'use_colors': 'True', 'use_experimental_parser': 'False', 'no_print': 'None', 'quiet': 'False', 'log_format': 'default', 'invocation_command': 'dbt debug', 'warn_error_options': 'WarnErrorOptions(include=[], exclude=[])', 'static_parser': 'True', 'target_path': 'None', 'introspect': 'True', 'send_anonymous_usage_stats': 'True'}
[0m16:18:34.414227 [info ] [MainThread]: dbt version: 1.8.2
[0m16:18:34.414610 [info ] [MainThread]: python version: 3.8.9
[0m16:18:34.414893 [info ] [MainThread]: python path: /Users/yuliiabarvinko/PycharmProject/ecommerce_dbt/venv/bin/python
[0m16:18:34.415159 [info ] [MainThread]: os info: macOS-10.16-x86_64-i386-64bit
[0m16:18:34.656472 [info ] [MainThread]: Using profiles dir at /Users/yuliiabarvinko/.dbt
[0m16:18:34.656914 [info ] [MainThread]: Using profiles.yml file at /Users/yuliiabarvinko/.dbt/profiles.yml
[0m16:18:34.657195 [info ] [MainThread]: Using dbt_project.yml file at /Users/yuliiabarvinko/PycharmProject/ecommerce_dbt/dbt_project.yml
[0m16:18:34.657534 [error] [MainThread]: Encountered an error:
Internal Error
  Profile should not be None if loading profile completed
[0m16:18:34.660091 [debug] [MainThread]: Resource report: {"command_name": "debug", "command_wall_clock_time": 0.33945632, "process_user_time": 1.103732, "process_kernel_time": 0.157703, "process_mem_max_rss": "106541056", "command_success": false, "process_in_blocks": "0", "process_out_blocks": "0"}
[0m16:18:34.660657 [debug] [MainThread]: Command `dbt debug` failed at 16:18:34.660509 after 0.34 seconds
[0m16:18:34.660985 [debug] [MainThread]: Sending event: {'category': 'dbt', 'action': 'invocation', 'label': 'end', 'context': [<snowplow_tracker.self_describing_json.SelfDescribingJson object at 0x7feb886df1c0>, <snowplow_tracker.self_describing_json.SelfDescribingJson object at 0x7feb8a504070>, <snowplow_tracker.self_describing_json.SelfDescribingJson object at 0x7feb986cbf70>]}
[0m16:18:34.661308 [debug] [MainThread]: Flushing usage events
[0m16:20:07.234460 [debug] [MainThread]: Sending event: {'category': 'dbt', 'action': 'invocation', 'label': 'start', 'context': [<snowplow_tracker.self_describing_json.SelfDescribingJson object at 0x7f85d877f1c0>, <snowplow_tracker.self_describing_json.SelfDescribingJson object at 0x7f85da742df0>, <snowplow_tracker.self_describing_json.SelfDescribingJson object at 0x7f85da7c1610>]}


============================== 16:20:07.239010 | 44bbc0f5-b0f5-4eaa-84d6-82e01180487e ==============================
[0m16:20:07.239010 [info ] [MainThread]: Running with dbt=1.8.2
[0m16:20:07.239632 [debug] [MainThread]: running dbt with arguments {'printer_width': '80', 'indirect_selection': 'eager', 'log_cache_events': 'False', 'write_json': 'True', 'partial_parse': 'True', 'cache_selected_only': 'False', 'warn_error': 'None', 'debug': 'False', 'version_check': 'True', 'log_path': 'logs', 'profiles_dir': '/Users/yuliiabarvinko/.dbt', 'fail_fast': 'False', 'use_colors': 'True', 'use_experimental_parser': 'False', 'no_print': 'None', 'quiet': 'False', 'warn_error_options': 'WarnErrorOptions(include=[], exclude=[])', 'static_parser': 'True', 'log_format': 'default', 'introspect': 'True', 'target_path': 'None', 'invocation_command': 'dbt debug --config-dir', 'send_anonymous_usage_stats': 'True'}
[0m16:20:07.252169 [info ] [MainThread]: To view your profiles.yml file, run:

open /Users/yuliiabarvinko/.dbt
[0m16:20:07.254837 [debug] [MainThread]: Resource report: {"command_name": "debug", "command_success": true, "command_wall_clock_time": 0.09382088, "process_user_time": 0.950142, "process_kernel_time": 0.134857, "process_mem_max_rss": "86892544", "process_in_blocks": "0", "process_out_blocks": "0"}
[0m16:20:07.255442 [debug] [MainThread]: Command `dbt debug` succeeded at 16:20:07.255286 after 0.09 seconds
[0m16:20:07.255793 [debug] [MainThread]: Sending event: {'category': 'dbt', 'action': 'invocation', 'label': 'end', 'context': [<snowplow_tracker.self_describing_json.SelfDescribingJson object at 0x7f85d877f1c0>, <snowplow_tracker.self_describing_json.SelfDescribingJson object at 0x7f85da7a6550>, <snowplow_tracker.self_describing_json.SelfDescribingJson object at 0x7f85da76ee80>]}
[0m16:20:07.256116 [debug] [MainThread]: Flushing usage events
